0 info it worked if it ends with ok
1 verbose cli [ 'node', '/usr/local/bin/npm', 'install', 'grunt-cli', '-g' ]
2 info using npm@1.3.5
3 info using node@v0.10.15
4 verbose cache add [ 'grunt-cli', null ]
5 verbose cache add name=undefined spec="grunt-cli" args=["grunt-cli",null]
6 verbose parsed url { protocol: null,
6 verbose parsed url   slashes: null,
6 verbose parsed url   auth: null,
6 verbose parsed url   host: null,
6 verbose parsed url   port: null,
6 verbose parsed url   hostname: null,
6 verbose parsed url   hash: null,
6 verbose parsed url   search: null,
6 verbose parsed url   query: null,
6 verbose parsed url   pathname: 'grunt-cli',
6 verbose parsed url   path: 'grunt-cli',
6 verbose parsed url   href: 'grunt-cli' }
7 silly lockFile 671ef8ac-grunt-cli grunt-cli
8 verbose lock grunt-cli /Users/jason/.npm/671ef8ac-grunt-cli.lock
9 silly lockFile 671ef8ac-grunt-cli grunt-cli
10 silly lockFile 671ef8ac-grunt-cli grunt-cli
11 verbose addNamed [ 'grunt-cli', '' ]
12 verbose addNamed [ null, '*' ]
13 silly lockFile d63f3d0b-grunt-cli grunt-cli@
14 verbose lock grunt-cli@ /Users/jason/.npm/d63f3d0b-grunt-cli.lock
15 silly addNameRange { name: 'grunt-cli', range: '*', hasData: false }
16 verbose url raw grunt-cli
17 verbose url resolving [ 'https://registry.npmjs.org/', './grunt-cli' ]
18 verbose url resolved https://registry.npmjs.org/grunt-cli
19 info trying registry request attempt 1 at 21:46:11
20 http GET https://registry.npmjs.org/grunt-cli
21 http 200 https://registry.npmjs.org/grunt-cli
22 silly registry.get cb [ 200,
22 silly registry.get   { vary: 'Accept',
22 silly registry.get     server: 'CouchDB/1.3.0 (Erlang OTP/R15B03)',
22 silly registry.get     etag: '"BO5TTBHACL8YX6LBKKDYL9348"',
22 silly registry.get     date: 'Sun, 04 Aug 2013 01:46:12 GMT',
22 silly registry.get     'content-type': 'application/json',
22 silly registry.get     'content-length': '22839' } ]
23 silly addNameRange number 2 { name: 'grunt-cli', range: '*', hasData: true }
24 silly addNameRange versions [ 'grunt-cli',
24 silly addNameRange   [ '0.1.0',
24 silly addNameRange     '0.1.1',
24 silly addNameRange     '0.1.2',
24 silly addNameRange     '0.1.3',
24 silly addNameRange     '0.1.4',
24 silly addNameRange     '0.1.5',
24 silly addNameRange     '0.1.6',
24 silly addNameRange     '0.1.7',
24 silly addNameRange     '0.1.8',
24 silly addNameRange     '0.1.9' ] ]
25 verbose addNamed [ 'grunt-cli', '0.1.9' ]
26 verbose addNamed [ '0.1.9', '0.1.9' ]
27 silly lockFile 8faf2ed8-grunt-cli-0-1-9 grunt-cli@0.1.9
28 verbose lock grunt-cli@0.1.9 /Users/jason/.npm/8faf2ed8-grunt-cli-0-1-9.lock
29 silly lockFile a0965bb5-rg-grunt-cli-grunt-cli-0-1-9-tgz https://registry.npmjs.org/grunt-cli/-/grunt-cli-0.1.9.tgz
30 verbose lock https://registry.npmjs.org/grunt-cli/-/grunt-cli-0.1.9.tgz /Users/jason/.npm/a0965bb5-rg-grunt-cli-grunt-cli-0-1-9-tgz.lock
31 verbose addRemoteTarball [ 'https://registry.npmjs.org/grunt-cli/-/grunt-cli-0.1.9.tgz',
31 verbose addRemoteTarball   '3f08bfb0bef30ba33083defe53efe0575cbe4e14' ]
32 info retry fetch attempt 1 at 21:46:12
33 verbose fetch to= /Users/jason/tmp/npm-69120-N6LTxnHA/1375580772712-0.7778617118019611/tmp.tgz
34 http GET https://registry.npmjs.org/grunt-cli/-/grunt-cli-0.1.9.tgz
35 http 200 https://registry.npmjs.org/grunt-cli/-/grunt-cli-0.1.9.tgz
36 verbose tar unpack /Users/jason/tmp/npm-69120-N6LTxnHA/1375580772712-0.7778617118019611/tmp.tgz
37 silly lockFile 9fccb623-72712-0-7778617118019611-package tar:///Users/jason/tmp/npm-69120-N6LTxnHA/1375580772712-0.7778617118019611/package
38 verbose lock tar:///Users/jason/tmp/npm-69120-N6LTxnHA/1375580772712-0.7778617118019611/package /Users/jason/.npm/9fccb623-72712-0-7778617118019611-package.lock
39 silly lockFile fcd067ed-72712-0-7778617118019611-tmp-tgz tar:///Users/jason/tmp/npm-69120-N6LTxnHA/1375580772712-0.7778617118019611/tmp.tgz
40 verbose lock tar:///Users/jason/tmp/npm-69120-N6LTxnHA/1375580772712-0.7778617118019611/tmp.tgz /Users/jason/.npm/fcd067ed-72712-0-7778617118019611-tmp-tgz.lock
41 silly gunzTarPerm modes [ '755', '644' ]
42 silly gunzTarPerm extractEntry package.json
43 silly gunzTarPerm extractEntry .npmignore
44 silly gunzTarPerm extractEntry README.md
45 silly gunzTarPerm extractEntry Gruntfile.js
46 silly gunzTarPerm extractEntry .travis.yml
47 silly gunzTarPerm extractEntry AUTHORS
48 silly gunzTarPerm extractEntry LICENSE-MIT
49 silly gunzTarPerm extractEntry bin/grunt
50 silly gunzTarPerm extractEntry completion/bash
51 silly gunzTarPerm extractEntry lib/cli.js
52 silly gunzTarPerm extractEntry lib/completion.js
53 silly gunzTarPerm extractEntry lib/info.js
54 silly lockFile 9fccb623-72712-0-7778617118019611-package tar:///Users/jason/tmp/npm-69120-N6LTxnHA/1375580772712-0.7778617118019611/package
55 silly lockFile 9fccb623-72712-0-7778617118019611-package tar:///Users/jason/tmp/npm-69120-N6LTxnHA/1375580772712-0.7778617118019611/package
56 silly lockFile fcd067ed-72712-0-7778617118019611-tmp-tgz tar:///Users/jason/tmp/npm-69120-N6LTxnHA/1375580772712-0.7778617118019611/tmp.tgz
57 silly lockFile fcd067ed-72712-0-7778617118019611-tmp-tgz tar:///Users/jason/tmp/npm-69120-N6LTxnHA/1375580772712-0.7778617118019611/tmp.tgz
58 verbose tar pack [ '/Users/jason/.npm/grunt-cli/0.1.9/package.tgz',
58 verbose tar pack   '/Users/jason/tmp/npm-69120-N6LTxnHA/1375580772712-0.7778617118019611/package' ]
59 verbose tarball /Users/jason/.npm/grunt-cli/0.1.9/package.tgz
60 verbose folder /Users/jason/tmp/npm-69120-N6LTxnHA/1375580772712-0.7778617118019611/package
61 silly lockFile 9fccb623-72712-0-7778617118019611-package tar:///Users/jason/tmp/npm-69120-N6LTxnHA/1375580772712-0.7778617118019611/package
62 verbose lock tar:///Users/jason/tmp/npm-69120-N6LTxnHA/1375580772712-0.7778617118019611/package /Users/jason/.npm/9fccb623-72712-0-7778617118019611-package.lock
63 silly lockFile 3004ec73--npm-grunt-cli-0-1-9-package-tgz tar:///Users/jason/.npm/grunt-cli/0.1.9/package.tgz
64 verbose lock tar:///Users/jason/.npm/grunt-cli/0.1.9/package.tgz /Users/jason/.npm/3004ec73--npm-grunt-cli-0-1-9-package-tgz.lock
65 silly lockFile 9fccb623-72712-0-7778617118019611-package tar:///Users/jason/tmp/npm-69120-N6LTxnHA/1375580772712-0.7778617118019611/package
66 silly lockFile 9fccb623-72712-0-7778617118019611-package tar:///Users/jason/tmp/npm-69120-N6LTxnHA/1375580772712-0.7778617118019611/package
67 silly lockFile 3004ec73--npm-grunt-cli-0-1-9-package-tgz tar:///Users/jason/.npm/grunt-cli/0.1.9/package.tgz
68 silly lockFile 3004ec73--npm-grunt-cli-0-1-9-package-tgz tar:///Users/jason/.npm/grunt-cli/0.1.9/package.tgz
69 silly lockFile 3588d9c0-ason-npm-grunt-cli-0-1-9-package /Users/jason/.npm/grunt-cli/0.1.9/package
70 verbose lock /Users/jason/.npm/grunt-cli/0.1.9/package /Users/jason/.npm/3588d9c0-ason-npm-grunt-cli-0-1-9-package.lock
71 silly lockFile 3588d9c0-ason-npm-grunt-cli-0-1-9-package /Users/jason/.npm/grunt-cli/0.1.9/package
72 silly lockFile 3588d9c0-ason-npm-grunt-cli-0-1-9-package /Users/jason/.npm/grunt-cli/0.1.9/package
73 verbose tar unpack /Users/jason/.npm/grunt-cli/0.1.9/package.tgz
74 silly lockFile a314cec4-ason-npm-grunt-cli-0-1-9-package tar:///Users/jason/.npm/grunt-cli/0.1.9/package
75 verbose lock tar:///Users/jason/.npm/grunt-cli/0.1.9/package /Users/jason/.npm/a314cec4-ason-npm-grunt-cli-0-1-9-package.lock
76 silly lockFile 3004ec73--npm-grunt-cli-0-1-9-package-tgz tar:///Users/jason/.npm/grunt-cli/0.1.9/package.tgz
77 verbose lock tar:///Users/jason/.npm/grunt-cli/0.1.9/package.tgz /Users/jason/.npm/3004ec73--npm-grunt-cli-0-1-9-package-tgz.lock
78 silly gunzTarPerm modes [ '755', '644' ]
79 silly gunzTarPerm extractEntry package.json
80 silly gunzTarPerm extractEntry .npmignore
81 silly gunzTarPerm extractEntry README.md
82 silly gunzTarPerm extractEntry Gruntfile.js
83 silly gunzTarPerm extractEntry .travis.yml
84 silly gunzTarPerm extractEntry AUTHORS
85 silly gunzTarPerm extractEntry LICENSE-MIT
86 silly gunzTarPerm extractEntry bin/grunt
87 silly gunzTarPerm extractEntry completion/bash
88 silly gunzTarPerm extractEntry lib/cli.js
89 silly gunzTarPerm extractEntry lib/completion.js
90 silly gunzTarPerm extractEntry lib/info.js
91 silly lockFile a314cec4-ason-npm-grunt-cli-0-1-9-package tar:///Users/jason/.npm/grunt-cli/0.1.9/package
92 silly lockFile a314cec4-ason-npm-grunt-cli-0-1-9-package tar:///Users/jason/.npm/grunt-cli/0.1.9/package
93 silly lockFile 3004ec73--npm-grunt-cli-0-1-9-package-tgz tar:///Users/jason/.npm/grunt-cli/0.1.9/package.tgz
94 silly lockFile 3004ec73--npm-grunt-cli-0-1-9-package-tgz tar:///Users/jason/.npm/grunt-cli/0.1.9/package.tgz
95 verbose chmod /Users/jason/.npm/grunt-cli/0.1.9/package.tgz 644
96 verbose chown /Users/jason/.npm/grunt-cli/0.1.9/package.tgz [ 501, 20 ]
97 silly lockFile a0965bb5-rg-grunt-cli-grunt-cli-0-1-9-tgz https://registry.npmjs.org/grunt-cli/-/grunt-cli-0.1.9.tgz
98 silly lockFile a0965bb5-rg-grunt-cli-grunt-cli-0-1-9-tgz https://registry.npmjs.org/grunt-cli/-/grunt-cli-0.1.9.tgz
99 silly lockFile 8faf2ed8-grunt-cli-0-1-9 grunt-cli@0.1.9
100 silly lockFile 8faf2ed8-grunt-cli-0-1-9 grunt-cli@0.1.9
101 silly lockFile d63f3d0b-grunt-cli grunt-cli@
102 silly lockFile d63f3d0b-grunt-cli grunt-cli@
103 silly resolved [ { name: 'grunt-cli',
103 silly resolved     description: 'The grunt command line interface.',
103 silly resolved     version: '0.1.9',
103 silly resolved     author: { name: 'Grunt Team' },
103 silly resolved     homepage: 'http://gruntjs.com/',
103 silly resolved     repository: { type: 'git', url: 'git://github.com/gruntjs/grunt-cli.git' },
103 silly resolved     bugs: { url: 'http://github.com/gruntjs/grunt-cli/issues' },
103 silly resolved     licenses: [ [Object] ],
103 silly resolved     bin: { grunt: 'bin/grunt' },
103 silly resolved     engines: { node: '>= 0.8.0' },
103 silly resolved     scripts: { test: 'node bin/grunt test' },
103 silly resolved     preferGlobal: true,
103 silly resolved     dependencies: { nopt: '~1.0.10', 'findup-sync': '~0.1.0', resolve: '~0.3.1' },
103 silly resolved     devDependencies: { grunt: '~0.4.0', 'grunt-contrib-jshint': '~0.2.0' },
103 silly resolved     contributors: [ [Object], [Object], [Object], [Object] ],
103 silly resolved     readme: '# grunt-cli [![Build Status](https://secure.travis-ci.org/gruntjs/grunt-cli.png?branch=master)](http://travis-ci.org/gruntjs/grunt-cli)\n> The Grunt command line interface.\n\nInstall this globally and you\'ll have access to the `grunt` command anywhere on your system.\n\n```shell\nnpm install -g grunt-cli\n```\n\n**Note:** The job of the `grunt` command is to load and run the version of Grunt you have installed locally to your project, irrespective of its version.  Starting with Grunt v0.4, you should never install Grunt itself globally.  For more information about why, [please read this](http://blog.nodejs.org/2011/03/23/npm-1-0-global-vs-local-installation).\n\nSee the [Getting Started](http://gruntjs.com/getting-started) guide for more information.\n\n## Shell tab auto-completion\nTo enable bash tab auto-completion for Grunt, add the following line to your `~/.bashrc` file. Currently, the only supported shell is bash.\n\n```bash\neval "$(grunt --completion=bash)"\n```\n\n## Installing grunt-cli locally\nIf you don\'t have administrator rights, you may need to install grunt-cli locally to your project using `npm install grunt-cli --save-dev`.  Unfortunately, this will not put the `grunt` executable in your PATH.  You\'ll need to specify its explicit location when executing it, eg: `./node_modules/.bin/grunt`,\n\nNote: Using grunt-cli in this way is unsupported.\n',
103 silly resolved     readmeFilename: 'README.md',
103 silly resolved     _id: 'grunt-cli@0.1.9',
103 silly resolved     dist: { shasum: '3f08bfb0bef30ba33083defe53efe0575cbe4e14' },
103 silly resolved     _from: 'grunt-cli@',
103 silly resolved     _resolved: 'https://registry.npmjs.org/grunt-cli/-/grunt-cli-0.1.9.tgz' } ]
104 info install grunt-cli@0.1.9 into /usr/local/lib
105 info installOne grunt-cli@0.1.9
106 info /usr/local/lib/node_modules/grunt-cli unbuild
107 info preuninstall grunt-cli@0.1.9
108 info uninstall grunt-cli@0.1.9
109 verbose true,/usr/local/lib/node_modules,/usr/local/lib/node_modules unbuild grunt-cli@0.1.9
110 verbose /usr/local/bin,[object Object] binRoot
111 info /usr/local/lib/node_modules/grunt-cli unbuild
112 info preuninstall grunt-cli@0.1.9
113 info uninstall grunt-cli@0.1.9
114 verbose true,/usr/local/lib/node_modules,/usr/local/lib/node_modules unbuild grunt-cli@0.1.9
115 verbose /usr/local/bin,[object Object] binRoot
116 error error rolling back Error: Refusing to delete: /usr/local/bin/grunt not in /usr/local/lib/node_modules/grunt-cli
116 error error rolling back     at clobberFail (/usr/local/lib/node_modules/npm/lib/utils/gently-rm.js:41:12)
116 error error rolling back     at next (/usr/local/lib/node_modules/npm/lib/utils/gently-rm.js:27:14)
116 error error rolling back     at /usr/local/lib/node_modules/npm/lib/utils/gently-rm.js:36:12
116 error error rolling back     at Object.oncomplete (fs.js:107:15)
116 error error rolling back  grunt-cli@0.1.9 { [Error: Refusing to delete: /usr/local/bin/grunt not in /usr/local/lib/node_modules/grunt-cli] code: 'EEXIST', path: '/usr/local/bin/grunt' }
117 error Refusing to delete: /usr/local/bin/grunt not in /usr/local/lib/node_modules/grunt-cli
File exists: /usr/local/bin/grunt
Move it away, and try again.
118 error System Darwin 10.8.0
119 error command "node" "/usr/local/bin/npm" "install" "grunt-cli" "-g"
120 error cwd /Users/jason/dev/requirejs-walkthrough
121 error node -v v0.10.15
122 error npm -v 1.3.5
123 error path /usr/local/bin/grunt
124 error code EEXIST
125 verbose exit [ 1, true ]
